<?xml version="1.0" encoding="UTF-8" ?>
<testsuite tests="29" failures="0" name="ua.yandex.shad.tempseries.TemperatureSeriesAnalysisTest" time="0.062" errors="0" skipped="0">
  <properties>
    <property name="java.runtime.name" value="Java(TM) SE Runtime Environment"/>
    <property name="sun.boot.library.path" value="C:\Program Files\Java\jdk1.8.0_60\jre\bin"/>
    <property name="java.vm.version" value="25.60-b23"/>
    <property name="user.country.format" value="UA"/>
    <property name="java.vm.vendor" value="Oracle Corporation"/>
    <property name="maven.multiModuleProjectDirectory" value="C:\Vasili\Shad\Homework\master\ys15kazimirov-hw1"/>
    <property name="java.vendor.url" value="http://java.oracle.com/"/>
    <property name="path.separator" value=";"/>
    <property name="guice.disable.misplaced.annotation.check" value="true"/>
    <property name="java.vm.name" value="Java HotSpot(TM) 64-Bit Server VM"/>
    <property name="file.encoding.pkg" value="sun.io"/>
    <property name="user.script" value=""/>
    <property name="user.country" value="RU"/>
    <property name="sun.java.launcher" value="SUN_STANDARD"/>
    <property name="sun.os.patch.level" value=""/>
    <property name="java.vm.specification.name" value="Java Virtual Machine Specification"/>
    <property name="user.dir" value="C:\Vasili\Shad\Homework\master\ys15kazimirov-hw1"/>
    <property name="java.runtime.version" value="1.8.0_60-b27"/>
    <property name="java.awt.graphicsenv" value="sun.awt.Win32GraphicsEnvironment"/>
    <property name="java.endorsed.dirs" value="C:\Program Files\Java\jdk1.8.0_60\jre\lib\endorsed"/>
    <property name="os.arch" value="amd64"/>
    <property name="java.io.tmpdir" value="C:\Users\Vasyl\AppData\Local\Temp\"/>
    <property name="line.separator" value="
"/>
    <property name="java.vm.specification.vendor" value="Oracle Corporation"/>
    <property name="user.variant" value=""/>
    <property name="os.name" value="Windows 10"/>
    <property name="classworlds.conf" value="C:\Vasili\Maven\bin\..\bin\m2.conf"/>
    <property name="sun.jnu.encoding" value="Cp1251"/>
    <property name="java.library.path" value="C:\Program Files\Java\jdk1.8.0_60\bin;C:\WINDOWS\Sun\Java\bin;C:\WINDOWS\system32;C:\WINDOWS;C:\Python34\Lib\site-packages\PyQt5;C:\Python34; C:\ProgramData\Oracle\Java\javapath;C:\Program Files (x86)\Embarcadero\RAD Studio\7.0\bin;C:\Users\Public\Documents\RAD Studio\7.0\Bpl;C:\Program Files (x86)\NVIDIA Corporation\PhysX\Common;C:\Program Files (x86)\HP SimplePass\;C:\Program Files (x86)\Intel\iCLS Client\;C:\Program Files\Intel\iCLS Client\;C:\Program Files (x86)\AMD APP\bin\x86_64;C:\Program Files (x86)\AMD APP\bin\x86;C:\WINDOWS\system32;C:\WINDOWS;C:\WINDOWS\System32\Wbem;C:\WINDOWS\System32\WindowsPowerShell\v1.0\;C:\Program Files (x86)\Windows Live\Shared;C:\Program Files (x86)\ATI Technologies\ATI.ACE\Core-Static;C:\Program Files\Intel\Intel(R) Management Engine Components\DAL;C:\Program Files\Intel\Intel(R) Management Engine Components\IPT;C:\Program Files (x86)\Intel\Intel(R) Management Engine Components\DAL;C:\Program Files (x86)\Intel\Intel(R) Management Engine Components\IPT;c:\Program Files (x86)\Microsoft SQL Server\100\Tools\Binn\;c:\Program Files (x86)\Microsoft SQL Server\100\DTS\Binn\;C:\Program Files\Intel\WiFi\bin\;C:\Program Files\Common Files\Intel\WirelessCommon\;C:\Program Files\Common Files\Autodesk Shared\;C:\Program Files (x86)\Autodesk\Backburner\;C:\Program Files\nodejs\;C:\Program Files\Microsoft SQL Server\110\Tools\Binn\;C:\Program Files\Microsoft SQL Server\120\Tools\Binn\;C:\Program Files\Microsoft\Web Platform Installer\;C:\Program Files (x86)\Windows Kits\8.1\Windows Performance Toolkit\;C:\Program Files (x86)\Microsoft SDKs\TypeScript\1.0\;C:\Program Files\Java\jdk1.8.0_60\bin;C:\Program Files (x86)\Skype\Phone\;C:\Qt\5.5\msvc2013_64\bin;C:\Qt\Tools\QtCreator\bin;C:\Vasili\Maven\bin;C:\Program Files\Intel\WiFi\bin\;C:\Program Files\Common Files\Intel\WirelessCommon\;C:\Users\Vasyl\AppData\Roaming\npm;."/>
    <property name="java.specification.name" value="Java Platform API Specification"/>
    <property name="java.class.version" value="52.0"/>
    <property name="sun.management.compiler" value="HotSpot 64-Bit Tiered Compilers"/>
    <property name="os.version" value="10.0"/>
    <property name="user.home" value="C:\Users\Vasyl"/>
    <property name="user.timezone" value="Europe/Helsinki"/>
    <property name="java.awt.printerjob" value="sun.awt.windows.WPrinterJob"/>
    <property name="java.specification.version" value="1.8"/>
    <property name="file.encoding" value="Cp1251"/>
    <property name="user.name" value="Vasyl"/>
    <property name="java.class.path" value="C:\Vasili\Maven\bin\..\boot\plexus-classworlds-2.5.2.jar"/>
    <property name="java.vm.specification.version" value="1.8"/>
    <property name="sun.arch.data.model" value="64"/>
    <property name="java.home" value="C:\Program Files\Java\jdk1.8.0_60\jre"/>
    <property name="sun.java.command" value="org.codehaus.plexus.classworlds.launcher.Launcher test"/>
    <property name="java.specification.vendor" value="Oracle Corporation"/>
    <property name="user.language" value="ru"/>
    <property name="user.language.format" value="uk"/>
    <property name="awt.toolkit" value="sun.awt.windows.WToolkit"/>
    <property name="java.vm.info" value="mixed mode"/>
    <property name="java.version" value="1.8.0_60"/>
    <property name="java.ext.dirs" value="C:\Program Files\Java\jdk1.8.0_60\jre\lib\ext;C:\WINDOWS\Sun\Java\lib\ext"/>
    <property name="sun.boot.class.path" value="C:\Program Files\Java\jdk1.8.0_60\jre\lib\resources.jar;C:\Program Files\Java\jdk1.8.0_60\jre\lib\rt.jar;C:\Program Files\Java\jdk1.8.0_60\jre\lib\sunrsasign.jar;C:\Program Files\Java\jdk1.8.0_60\jre\lib\jsse.jar;C:\Program Files\Java\jdk1.8.0_60\jre\lib\jce.jar;C:\Program Files\Java\jdk1.8.0_60\jre\lib\charsets.jar;C:\Program Files\Java\jdk1.8.0_60\jre\lib\jfr.jar;C:\Program Files\Java\jdk1.8.0_60\jre\classes"/>
    <property name="sun.stderr.encoding" value="cp866"/>
    <property name="java.vendor" value="Oracle Corporation"/>
    <property name="maven.home" value="C:\Vasili\Maven\bin\.."/>
    <property name="file.separator" value="\"/>
    <property name="java.vendor.url.bug" value="http://bugreport.sun.com/bugreport/"/>
    <property name="sun.cpu.endian" value="little"/>
    <property name="sun.io.unicode.encoding" value="UnicodeLittle"/>
    <property name="sun.stdout.encoding" value="cp866"/>
    <property name="sun.desktop" value="windows"/>
    <property name="sun.cpu.isalist" value="amd64"/>
  </properties>
  <testcase classname="ua.yandex.shad.tempseries.TemperatureSeriesAnalysisTest" name="testMax_testResult" time="0.019"/>
  <testcase classname="ua.yandex.shad.tempseries.TemperatureSeriesAnalysisTest" name="testFindTempsLessThan_oneElement" time="0.009"/>
  <testcase classname="ua.yandex.shad.tempseries.TemperatureSeriesAnalysisTest" name="testFindTempsGreaterThan_oneElement" time="0"/>
  <testcase classname="ua.yandex.shad.tempseries.TemperatureSeriesAnalysisTest" name="testSummaryStatistics_testValues" time="0.003"/>
  <testcase classname="ua.yandex.shad.tempseries.TemperatureSeriesAnalysisTest" name="testFindTempClosestToValue_manyElements" time="0"/>
  <testcase classname="ua.yandex.shad.tempseries.TemperatureSeriesAnalysisTest" name="testFindTempClosestToZero_manyElements" time="0"/>
  <testcase classname="ua.yandex.shad.tempseries.TemperatureSeriesAnalysisTest" name="testMin_testResult" time="0"/>
  <testcase classname="ua.yandex.shad.tempseries.TemperatureSeriesAnalysisTest" name="testAddTemps_addToEmpty" time="0.001"/>
  <testcase classname="ua.yandex.shad.tempseries.TemperatureSeriesAnalysisTest" name="testFindTempClosestToZero_oneElement" time="0"/>
  <testcase classname="ua.yandex.shad.tempseries.TemperatureSeriesAnalysisTest" name="testMin_failOnEmpty" time="0"/>
  <testcase classname="ua.yandex.shad.tempseries.TemperatureSeriesAnalysisTest" name="testFindTempClosestToZero_testWithZero" time="0"/>
  <testcase classname="ua.yandex.shad.tempseries.TemperatureSeriesAnalysisTest" name="testAverage_failOnEmpty" time="0"/>
  <testcase classname="ua.yandex.shad.tempseries.TemperatureSeriesAnalysisTest" name="testAddTemps_checkArrayLen" time="0"/>
  <testcase classname="ua.yandex.shad.tempseries.TemperatureSeriesAnalysisTest" name="testAddTemps_multupleAdding" time="0"/>
  <testcase classname="ua.yandex.shad.tempseries.TemperatureSeriesAnalysisTest" name="testMax_failOnEmpty" time="0"/>
  <testcase classname="ua.yandex.shad.tempseries.TemperatureSeriesAnalysisTest" name="testFindTempClosestToValue_oneElement" time="0"/>
  <testcase classname="ua.yandex.shad.tempseries.TemperatureSeriesAnalysisTest" name="testAddTemps_needToResize" time="0"/>
  <testcase classname="ua.yandex.shad.tempseries.TemperatureSeriesAnalysisTest" name="testFindTempsGreaterThan_manyElements" time="0"/>
  <testcase classname="ua.yandex.shad.tempseries.TemperatureSeriesAnalysisTest" name="testFindTempsLessThan_manyElements" time="0"/>
  <testcase classname="ua.yandex.shad.tempseries.TemperatureSeriesAnalysisTest" name="testFindTempsLessThan_failOnEmpty" time="0.022"/>
  <testcase classname="ua.yandex.shad.tempseries.TemperatureSeriesAnalysisTest" name="testDeviation_failOnEmpty" time="0"/>
  <testcase classname="ua.yandex.shad.tempseries.TemperatureSeriesAnalysisTest" name="testAddTemps_testOnLessThanAbsoluteMin" time="0"/>
  <testcase classname="ua.yandex.shad.tempseries.TemperatureSeriesAnalysisTest" name="testFindTempClosestToValue_equalModule" time="0"/>
  <testcase classname="ua.yandex.shad.tempseries.TemperatureSeriesAnalysisTest" name="testFindTempClosestToZero_equalModule" time="0"/>
  <testcase classname="ua.yandex.shad.tempseries.TemperatureSeriesAnalysisTest" name="testFindTempClosestToValue_failOnEmpty" time="0.008"/>
  <testcase classname="ua.yandex.shad.tempseries.TemperatureSeriesAnalysisTest" name="testFindTempsGreaterThan_failOnEmpty" time="0"/>
  <testcase classname="ua.yandex.shad.tempseries.TemperatureSeriesAnalysisTest" name="testFindTempClosestToZero_failOnEmpty" time="0"/>
  <testcase classname="ua.yandex.shad.tempseries.TemperatureSeriesAnalysisTest" name="testDeviation_manyElements" time="0"/>
  <testcase classname="ua.yandex.shad.tempseries.TemperatureSeriesAnalysisTest" name="testAverage_testResult" time="0"/>
</testsuite>